[2025-03-08T23:56:37.236+0000] {manager.py:487} INFO - Processing files using up to 2 processes at a time 
[2025-03-08T23:56:37.236+0000] {manager.py:488} INFO - Process each file at most once every 30 seconds
[2025-03-08T23:56:37.236+0000] {manager.py:490} INFO - Checking for new files in /opt/airflow/dags every 300 seconds
[2025-03-08T23:56:37.236+0000] {manager.py:758} INFO - Searching for files in /opt/airflow/dags
[2025-03-08T23:56:37.237+0000] {manager.py:761} INFO - There are 0 files in /opt/airflow/dags
[2025-03-09T00:01:38.048+0000] {manager.py:758} INFO - Searching for files in /opt/airflow/dags
[2025-03-09T00:01:38.049+0000] {manager.py:761} INFO - There are 0 files in /opt/airflow/dags
[2025-03-09T00:06:38.841+0000] {manager.py:758} INFO - Searching for files in /opt/airflow/dags
[2025-03-09T00:06:38.841+0000] {manager.py:761} INFO - There are 0 files in /opt/airflow/dags
[2025-03-09T00:11:39.632+0000] {manager.py:758} INFO - Searching for files in /opt/airflow/dags
[2025-03-09T00:11:39.632+0000] {manager.py:761} INFO - There are 0 files in /opt/airflow/dags
[2025-03-09T00:15:00.866+0000] {manager.py:470} INFO - Exiting gracefully upon receiving signal 15
[2025-03-09T00:20:57.933+0000] {manager.py:487} INFO - Processing files using up to 2 processes at a time 
[2025-03-09T00:20:57.937+0000] {manager.py:488} INFO - Process each file at most once every 30 seconds
[2025-03-09T00:20:57.938+0000] {manager.py:490} INFO - Checking for new files in /opt/airflow/dags every 300 seconds
[2025-03-09T00:20:57.938+0000] {manager.py:758} INFO - Searching for files in /opt/airflow/dags
[2025-03-09T00:20:57.939+0000] {manager.py:761} INFO - There are 0 files in /opt/airflow/dags
[2025-03-09T00:25:58.737+0000] {manager.py:758} INFO - Searching for files in /opt/airflow/dags
[2025-03-09T00:25:58.738+0000] {manager.py:761} INFO - There are 0 files in /opt/airflow/dags
[2025-03-09T00:30:59.529+0000] {manager.py:758} INFO - Searching for files in /opt/airflow/dags
[2025-03-09T00:30:59.529+0000] {manager.py:761} INFO - There are 0 files in /opt/airflow/dags
[2025-03-09T00:36:00.335+0000] {manager.py:758} INFO - Searching for files in /opt/airflow/dags
[2025-03-09T00:36:00.335+0000] {manager.py:761} INFO - There are 0 files in /opt/airflow/dags
[2025-03-09T00:41:01.140+0000] {manager.py:758} INFO - Searching for files in /opt/airflow/dags
[2025-03-09T00:41:01.141+0000] {manager.py:761} INFO - There are 0 files in /opt/airflow/dags
[2025-03-09T00:41:23.153+0000] {manager.py:470} INFO - Exiting gracefully upon receiving signal 15
[2025-03-09T00:42:17.084+0000] {manager.py:487} INFO - Processing files using up to 2 processes at a time 
[2025-03-09T00:42:17.086+0000] {manager.py:488} INFO - Process each file at most once every 30 seconds
[2025-03-09T00:42:17.087+0000] {manager.py:490} INFO - Checking for new files in /opt/airflow/dags every 300 seconds
[2025-03-09T00:42:17.087+0000] {manager.py:758} INFO - Searching for files in /opt/airflow/dags
[2025-03-09T00:42:17.087+0000] {manager.py:761} INFO - There are 0 files in /opt/airflow/dags
